SLF4J: Class path contains multiple SLF4J bindings.
SLF4J: Found binding in [jar:file:/Users/apurva/Documents/Quantiply/new/rico-metrics/deploy/confluent/share/java/confluent-common/slf4j-log4j12-1.7.6.jar!/org/slf4j/impl/StaticLoggerBinder.class]
SLF4J: Found binding in [jar:file:/Users/apurva/Documents/Quantiply/new/rico-metrics/deploy/confluent/share/java/schema-registry/slf4j-log4j12-1.7.6.jar!/org/slf4j/impl/StaticLoggerBinder.class]
SLF4J: See http://www.slf4j.org/codes.html#multiple_bindings for an explanation.
SLF4J: Actual binding is of type [org.slf4j.impl.Log4jLoggerFactory]
[2015-07-06 14:20:36,091] INFO SchemaRegistryConfig values: 
	metric.reporters = []
	kafkastore.connection.url = localhost:2181
	avro.compatibility.level = backward
	debug = false
	shutdown.graceful.ms = 1000
	response.mediatype.preferred = [application/vnd.schemaregistry.v1+json, application/vnd.schemaregistry+json, application/json]
	kafkastore.commit.interval.ms = -1
	response.mediatype.default = application/vnd.schemaregistry.v1+json
	kafkastore.topic = _schemas
	metrics.jmx.prefix = kafka.schema.registry
	port = 9081
	request.logger.name = io.confluent.rest-utils.requests
	metrics.sample.window.ms = 30000
	kafkastore.zk.session.timeout.ms = 30000
	master.eligibility = true
	kafkastore.topic.replication.factor = 3
	kafkastore.timeout.ms = 500
	host.name = 192.168.1.95
	schema.registry.zk.namespace = schema_registry
	kafkastore.init.timeout.ms = 60000
	metrics.num.samples = 2
 (io.confluent.kafka.schemaregistry.rest.SchemaRegistryConfig:135)
[2015-07-06 14:20:44,474] INFO Initialized the consumer offset to -1 (io.confluent.kafka.schemaregistry.storage.KafkaStoreReaderThread:87)
[2015-07-06 14:20:48,186] WARN Creating the schema topic _schemas using a replication factor of 1, which is less than the desired one of 3. If this is a production environment, it's crucial to add more brokers and increase the replication factor of the topic. (io.confluent.kafka.schemaregistry.storage.KafkaStore:172)
[2015-07-06 14:20:48,782] INFO [kafka-store-reader-thread-_schemas], Starting  (io.confluent.kafka.schemaregistry.storage.KafkaStoreReaderThread:68)
[2015-07-06 14:20:50,441] INFO Wait to catch up until the offset of the last message at 0 (io.confluent.kafka.schemaregistry.storage.KafkaStore:221)
[2015-07-06 14:20:50,895] INFO Created schema registry namespace localhost:2181/schema_registry (io.confluent.kafka.schemaregistry.storage.KafkaSchemaRegistry:194)
[2015-07-06 14:20:50,971] INFO Successfully elected the new master: {"host":"192.168.1.95","port":9081,"master_eligibility":true,"version":1} (io.confluent.kafka.schemaregistry.zookeeper.ZookeeperMasterElector:80)
[2015-07-06 14:20:51,020] INFO Successfully elected the new master: {"host":"192.168.1.95","port":9081,"master_eligibility":true,"version":1} (io.confluent.kafka.schemaregistry.zookeeper.ZookeeperMasterElector:80)
[2015-07-06 14:20:51,310] INFO jetty-8.1.16.v20140903 (org.eclipse.jetty.server.Server:272)
Jul 06, 2015 2:20:52 PM org.glassfish.jersey.server.ApplicationHandler initialize
INFO: Initiating Jersey application, version Jersey: 2.6 2014-02-18 21:52:53...
[2015-07-06 14:20:53,720] INFO Started MetricsSelectChannelConnector@0.0.0.0:9081 (org.eclipse.jetty.server.AbstractConnector:338)
[2015-07-06 14:20:53,720] INFO Server started, listening for requests... (io.confluent.kafka.schemaregistry.rest.Main:44)
